[0.059s] DEBUG:colcon:Command line arguments: ['/usr/bin/colcon', 'build', '--packages-select', 'turtle_flower_cpp']
[0.059s] DEBUG:colcon:Parsed command line arguments: Namespace(log_base=None, log_level=None, verb_name='build', build_base='build', install_base='install', merge_install=False, symlink_install=False, test_result_base=None, continue_on_error=False, executor='parallel', parallel_workers=8, event_handlers=None, ignore_user_meta=False, metas=['./colcon.meta'], base_paths=['.'], packages_ignore=None, packages_ignore_regex=None, paths=None, packages_up_to=None, packages_up_to_regex=None, packages_above=None, packages_above_and_dependencies=None, packages_above_depth=None, packages_select_by_dep=None, packages_skip_by_dep=None, packages_skip_up_to=None, packages_select_build_failed=False, packages_skip_build_finished=False, packages_select_test_failures=False, packages_skip_test_passed=False, packages_select=['turtle_flower_cpp'], packages_skip=None, packages_select_regex=None, packages_skip_regex=None, packages_start=None, packages_end=None, allow_overriding=[], cmake_args=None, cmake_target=None, cmake_target_skip_unavailable=False, cmake_clean_cache=False, cmake_clean_first=False, cmake_force_configure=False, ament_cmake_args=None, catkin_cmake_args=None, catkin_skip_building_tests=False, verb_parser=<colcon_defaults.argument_parser.defaults.DefaultArgumentsDecorator object at 0x7c32fe1a6f50>, verb_extension=<colcon_core.verb.build.BuildVerb object at 0x7c32fe3683d0>, main=<bound method BuildVerb.main of <colcon_core.verb.build.BuildVerb object at 0x7c32fe3683d0>>)
[0.150s] Level 1:colcon.colcon_core.package_discovery:discover_packages(colcon_meta) check parameters
[0.150s] Level 1:colcon.colcon_core.package_discovery:discover_packages(recursive) check parameters
[0.150s] Level 1:colcon.colcon_core.package_discovery:discover_packages(ignore) check parameters
[0.150s] Level 1:colcon.colcon_core.package_discovery:discover_packages(path) check parameters
[0.150s] Level 1:colcon.colcon_core.package_discovery:discover_packages(colcon_meta) discover
[0.150s] Level 1:colcon.colcon_core.package_discovery:discover_packages(recursive) discover
[0.150s] INFO:colcon.colcon_core.package_discovery:Crawling recursively for packages in '/home/hilal/ros2_ws'
[0.150s] Level 1:colcon.colcon_core.package_identification:_identify(.) by extensions ['ignore', 'ignore_ament_install']
[0.150s] Level 1:colcon.colcon_core.package_identification:_identify(.) by extension 'ignore'
[0.150s] Level 1:colcon.colcon_core.package_identification:_identify(.) by extension 'ignore_ament_install'
[0.150s] Level 1:colcon.colcon_core.package_identification:_identify(.) by extensions ['colcon_pkg']
[0.150s] Level 1:colcon.colcon_core.package_identification:_identify(.) by extension 'colcon_pkg'
[0.150s] Level 1:colcon.colcon_core.package_identification:_identify(.) by extensions ['colcon_meta']
[0.150s] Level 1:colcon.colcon_core.package_identification:_identify(.) by extension 'colcon_meta'
[0.151s] Level 1:colcon.colcon_core.package_identification:_identify(.) by extensions ['ros']
[0.151s] Level 1:colcon.colcon_core.package_identification:_identify(.) by extension 'ros'
[0.159s] Level 1:colcon.colcon_core.package_identification:_identify(.) by extensions ['cmake', 'python']
[0.159s] Level 1:colcon.colcon_core.package_identification:_identify(.) by extension 'cmake'
[0.159s] Level 1:colcon.colcon_core.package_identification:_identify(.) by extension 'python'
[0.159s] Level 1:colcon.colcon_core.package_identification:_identify(.) by extensions ['python_setup_py']
[0.159s] Level 1:colcon.colcon_core.package_identification:_identify(.) by extension 'python_setup_py'
[0.159s] Level 1:colcon.colcon_core.package_identification:_identify(build) by extensions ['ignore', 'ignore_ament_install']
[0.159s] Level 1:colcon.colcon_core.package_identification:_identify(build) by extension 'ignore'
[0.159s] Level 1:colcon.colcon_core.package_identification:_identify(build) ignored
[0.159s] Level 1:colcon.colcon_core.package_identification:_identify(install) by extensions ['ignore', 'ignore_ament_install']
[0.159s] Level 1:colcon.colcon_core.package_identification:_identify(install) by extension 'ignore'
[0.159s] Level 1:colcon.colcon_core.package_identification:_identify(install) ignored
[0.159s] Level 1:colcon.colcon_core.package_identification:_identify(log) by extensions ['ignore', 'ignore_ament_install']
[0.160s] Level 1:colcon.colcon_core.package_identification:_identify(log) by extension 'ignore'
[0.160s] Level 1:colcon.colcon_core.package_identification:_identify(log) ignored
[0.160s] Level 1:colcon.colcon_core.package_identification:_identify(src) by extensions ['ignore', 'ignore_ament_install']
[0.160s] Level 1:colcon.colcon_core.package_identification:_identify(src) by extension 'ignore'
[0.160s] Level 1:colcon.colcon_core.package_identification:_identify(src) by extension 'ignore_ament_install'
[0.160s] Level 1:colcon.colcon_core.package_identification:_identify(src) by extensions ['colcon_pkg']
[0.160s] Level 1:colcon.colcon_core.package_identification:_identify(src) by extension 'colcon_pkg'
[0.160s] Level 1:colcon.colcon_core.package_identification:_identify(src) by extensions ['colcon_meta']
[0.160s] Level 1:colcon.colcon_core.package_identification:_identify(src) by extension 'colcon_meta'
[0.160s] Level 1:colcon.colcon_core.package_identification:_identify(src) by extensions ['ros']
[0.160s] Level 1:colcon.colcon_core.package_identification:_identify(src) by extension 'ros'
[0.160s] Level 1:colcon.colcon_core.package_identification:_identify(src) by extensions ['cmake', 'python']
[0.160s] Level 1:colcon.colcon_core.package_identification:_identify(src) by extension 'cmake'
[0.160s] Level 1:colcon.colcon_core.package_identification:_identify(src) by extension 'python'
[0.160s] Level 1:colcon.colcon_core.package_identification:_identify(src) by extensions ['python_setup_py']
[0.160s] Level 1:colcon.colcon_core.package_identification:_identify(src) by extension 'python_setup_py'
[0.160s] Level 1:colcon.colcon_core.package_identification:_identify(src/turtle_circle_cpp) by extensions ['ignore', 'ignore_ament_install']
[0.160s] Level 1:colcon.colcon_core.package_identification:_identify(src/turtle_circle_cpp) by extension 'ignore'
[0.160s] Level 1:colcon.colcon_core.package_identification:_identify(src/turtle_circle_cpp) by extension 'ignore_ament_install'
[0.160s] Level 1:colcon.colcon_core.package_identification:_identify(src/turtle_circle_cpp) by extensions ['colcon_pkg']
[0.160s] Level 1:colcon.colcon_core.package_identification:_identify(src/turtle_circle_cpp) by extension 'colcon_pkg'
[0.160s] Level 1:colcon.colcon_core.package_identification:_identify(src/turtle_circle_cpp) by extensions ['colcon_meta']
[0.160s] Level 1:colcon.colcon_core.package_identification:_identify(src/turtle_circle_cpp) by extension 'colcon_meta'
[0.160s] Level 1:colcon.colcon_core.package_identification:_identify(src/turtle_circle_cpp) by extensions ['ros']
[0.160s] Level 1:colcon.colcon_core.package_identification:_identify(src/turtle_circle_cpp) by extension 'ros'
[0.162s] DEBUG:colcon.colcon_core.package_identification:Package 'src/turtle_circle_cpp' with type 'ros.ament_cmake' and name 'turtle_circle_cpp'
[0.162s] Level 1:colcon.colcon_core.package_identification:_identify(src/turtle_flower_cpp) by extensions ['ignore', 'ignore_ament_install']
[0.162s] Level 1:colcon.colcon_core.package_identification:_identify(src/turtle_flower_cpp) by extension 'ignore'
[0.163s] Level 1:colcon.colcon_core.package_identification:_identify(src/turtle_flower_cpp) by extension 'ignore_ament_install'
[0.163s] Level 1:colcon.colcon_core.package_identification:_identify(src/turtle_flower_cpp) by extensions ['colcon_pkg']
[0.163s] Level 1:colcon.colcon_core.package_identification:_identify(src/turtle_flower_cpp) by extension 'colcon_pkg'
[0.163s] Level 1:colcon.colcon_core.package_identification:_identify(src/turtle_flower_cpp) by extensions ['colcon_meta']
[0.163s] Level 1:colcon.colcon_core.package_identification:_identify(src/turtle_flower_cpp) by extension 'colcon_meta'
[0.163s] Level 1:colcon.colcon_core.package_identification:_identify(src/turtle_flower_cpp) by extensions ['ros']
[0.163s] Level 1:colcon.colcon_core.package_identification:_identify(src/turtle_flower_cpp) by extension 'ros'
[0.163s] DEBUG:colcon.colcon_core.package_identification:Package 'src/turtle_flower_cpp' with type 'ros.ament_cmake' and name 'turtle_flower_cpp'
[0.163s] Level 1:colcon.colcon_core.package_discovery:discover_packages(recursive) using defaults
[0.163s] Level 1:colcon.colcon_core.package_discovery:discover_packages(ignore) discover
[0.163s] Level 1:colcon.colcon_core.package_discovery:discover_packages(ignore) using defaults
[0.163s] Level 1:colcon.colcon_core.package_discovery:discover_packages(path) discover
[0.163s] Level 1:colcon.colcon_core.package_discovery:discover_packages(path) using defaults
[0.176s] INFO:colcon.colcon_core.package_selection:Skipping not selected package 'turtle_circle_cpp' in 'src/turtle_circle_cpp'
[0.176s] Level 1:colcon.colcon_core.package_discovery:discover_packages(prefix_path) check parameters
[0.177s] Level 1:colcon.colcon_core.package_discovery:discover_packages(prefix_path) discover
[0.178s] DEBUG:colcon.colcon_installed_package_information.package_discovery:Found 1 installed packages in /home/hilal/ros2_ws/install
[0.178s] DEBUG:colcon.colcon_installed_package_information.package_discovery:Found 271 installed packages in /opt/ros/humble
[0.180s] Level 1:colcon.colcon_core.package_discovery:discover_packages(prefix_path) using defaults
[0.209s] Level 5:colcon.colcon_core.verb:set package 'turtle_flower_cpp' build argument 'cmake_args' from command line to 'None'
[0.209s] Level 5:colcon.colcon_core.verb:set package 'turtle_flower_cpp' build argument 'cmake_target' from command line to 'None'
[0.209s] Level 5:colcon.colcon_core.verb:set package 'turtle_flower_cpp' build argument 'cmake_target_skip_unavailable' from command line to 'False'
[0.209s] Level 5:colcon.colcon_core.verb:set package 'turtle_flower_cpp' build argument 'cmake_clean_cache' from command line to 'False'
[0.209s] Level 5:colcon.colcon_core.verb:set package 'turtle_flower_cpp' build argument 'cmake_clean_first' from command line to 'False'
[0.209s] Level 5:colcon.colcon_core.verb:set package 'turtle_flower_cpp' build argument 'cmake_force_configure' from command line to 'False'
[0.209s] Level 5:colcon.colcon_core.verb:set package 'turtle_flower_cpp' build argument 'ament_cmake_args' from command line to 'None'
[0.209s] Level 5:colcon.colcon_core.verb:set package 'turtle_flower_cpp' build argument 'catkin_cmake_args' from command line to 'None'
[0.209s] Level 5:colcon.colcon_core.verb:set package 'turtle_flower_cpp' build argument 'catkin_skip_building_tests' from command line to 'False'
[0.209s] DEBUG:colcon.colcon_core.verb:Building package 'turtle_flower_cpp' with the following arguments: {'ament_cmake_args': None, 'build_base': '/home/hilal/ros2_ws/build/turtle_flower_cpp', 'catkin_cmake_args': None, 'catkin_skip_building_tests': False, 'cmake_args': None, 'cmake_clean_cache': False, 'cmake_clean_first': False, 'cmake_force_configure': False, 'cmake_target': None, 'cmake_target_skip_unavailable': False, 'install_base': '/home/hilal/ros2_ws/install/turtle_flower_cpp', 'merge_install': False, 'path': '/home/hilal/ros2_ws/src/turtle_flower_cpp', 'symlink_install': False, 'test_result_base': None}
[0.209s] INFO:colcon.colcon_core.executor:Executing jobs using 'parallel' executor
[0.210s] DEBUG:colcon.colcon_parallel_executor.executor.parallel:run_until_complete
[0.210s] INFO:colcon.colcon_ros.task.ament_cmake.build:Building ROS package in '/home/hilal/ros2_ws/src/turtle_flower_cpp' with build type 'ament_cmake'
[0.210s] INFO:colcon.colcon_cmake.task.cmake.build:Building CMake package in '/home/hilal/ros2_ws/src/turtle_flower_cpp'
[0.211s] INFO:colcon.colcon_core.plugin_system:Skipping extension 'colcon_core.shell.bat': Not used on non-Windows systems
[0.212s] INFO:colcon.colcon_core.shell:Skip shell extension 'powershell' for command environment: Not usable outside of PowerShell
[0.212s] DEBUG:colcon.colcon_core.shell:Skip shell extension 'dsv' for command environment
[0.218s] DEBUG:colcon.colcon_core.event_handler.log_command:Invoking command in '/home/hilal/ros2_ws/build/turtle_flower_cpp': CMAKE_PREFIX_PATH=${CMAKE_PREFIX_PATH}:/opt/ros/humble /usr/bin/cmake --build /home/hilal/ros2_ws/build/turtle_flower_cpp -- -j8 -l8
[3.780s] DEBUG:colcon.colcon_core.event_handler.log_command:Invoked command in '/home/hilal/ros2_ws/build/turtle_flower_cpp' returned '0': CMAKE_PREFIX_PATH=${CMAKE_PREFIX_PATH}:/opt/ros/humble /usr/bin/cmake --build /home/hilal/ros2_ws/build/turtle_flower_cpp -- -j8 -l8
[3.788s] DEBUG:colcon.colcon_core.event_handler.log_command:Invoking command in '/home/hilal/ros2_ws/build/turtle_flower_cpp': CMAKE_PREFIX_PATH=${CMAKE_PREFIX_PATH}:/opt/ros/humble /usr/bin/cmake --install /home/hilal/ros2_ws/build/turtle_flower_cpp
[3.795s] Level 1:colcon.colcon_core.environment:create_environment_scripts_only(turtle_flower_cpp)
[3.796s] DEBUG:colcon.colcon_core.event_handler.log_command:Invoked command in '/home/hilal/ros2_ws/build/turtle_flower_cpp' returned '0': CMAKE_PREFIX_PATH=${CMAKE_PREFIX_PATH}:/opt/ros/humble /usr/bin/cmake --install /home/hilal/ros2_ws/build/turtle_flower_cpp
[3.797s] Level 1:colcon.colcon_core.environment:checking '/home/hilal/ros2_ws/install/turtle_flower_cpp' for CMake module files
[3.797s] Level 1:colcon.colcon_core.environment:checking '/home/hilal/ros2_ws/install/turtle_flower_cpp' for CMake config files
[3.797s] Level 1:colcon.colcon_core.shell:create_environment_hook('turtle_flower_cpp', 'cmake_prefix_path')
[3.797s] INFO:colcon.colcon_core.shell:Creating environment hook '/home/hilal/ros2_ws/install/turtle_flower_cpp/share/turtle_flower_cpp/hook/cmake_prefix_path.ps1'
[3.798s] INFO:colcon.colcon_core.shell:Creating environment descriptor '/home/hilal/ros2_ws/install/turtle_flower_cpp/share/turtle_flower_cpp/hook/cmake_prefix_path.dsv'
[3.798s] INFO:colcon.colcon_core.shell:Creating environment hook '/home/hilal/ros2_ws/install/turtle_flower_cpp/share/turtle_flower_cpp/hook/cmake_prefix_path.sh'
[3.799s] Level 1:colcon.colcon_core.environment:checking '/home/hilal/ros2_ws/install/turtle_flower_cpp/lib'
[3.799s] Level 1:colcon.colcon_core.environment:checking '/home/hilal/ros2_ws/install/turtle_flower_cpp/bin'
[3.799s] Level 1:colcon.colcon_core.environment:checking '/home/hilal/ros2_ws/install/turtle_flower_cpp/lib/pkgconfig/turtle_flower_cpp.pc'
[3.799s] Level 1:colcon.colcon_core.environment:checking '/home/hilal/ros2_ws/install/turtle_flower_cpp/lib/python3.10/site-packages'
[3.799s] Level 1:colcon.colcon_core.environment:checking '/home/hilal/ros2_ws/install/turtle_flower_cpp/bin'
[3.799s] INFO:colcon.colcon_core.shell:Creating package script '/home/hilal/ros2_ws/install/turtle_flower_cpp/share/turtle_flower_cpp/package.ps1'
[3.800s] INFO:colcon.colcon_core.shell:Creating package descriptor '/home/hilal/ros2_ws/install/turtle_flower_cpp/share/turtle_flower_cpp/package.dsv'
[3.800s] INFO:colcon.colcon_core.shell:Creating package script '/home/hilal/ros2_ws/install/turtle_flower_cpp/share/turtle_flower_cpp/package.sh'
[3.801s] INFO:colcon.colcon_core.shell:Creating package script '/home/hilal/ros2_ws/install/turtle_flower_cpp/share/turtle_flower_cpp/package.bash'
[3.802s] INFO:colcon.colcon_core.shell:Creating package script '/home/hilal/ros2_ws/install/turtle_flower_cpp/share/turtle_flower_cpp/package.zsh'
[3.802s] Level 1:colcon.colcon_core.environment:create_file_with_runtime_dependencies(/home/hilal/ros2_ws/install/turtle_flower_cpp/share/colcon-core/packages/turtle_flower_cpp)
[3.803s] Level 1:colcon.colcon_core.environment:create_environment_scripts_only(turtle_flower_cpp)
[3.803s] Level 1:colcon.colcon_core.environment:checking '/home/hilal/ros2_ws/install/turtle_flower_cpp' for CMake module files
[3.803s] Level 1:colcon.colcon_core.environment:checking '/home/hilal/ros2_ws/install/turtle_flower_cpp' for CMake config files
[3.803s] Level 1:colcon.colcon_core.shell:create_environment_hook('turtle_flower_cpp', 'cmake_prefix_path')
[3.803s] INFO:colcon.colcon_core.shell:Creating environment hook '/home/hilal/ros2_ws/install/turtle_flower_cpp/share/turtle_flower_cpp/hook/cmake_prefix_path.ps1'
[3.804s] INFO:colcon.colcon_core.shell:Creating environment descriptor '/home/hilal/ros2_ws/install/turtle_flower_cpp/share/turtle_flower_cpp/hook/cmake_prefix_path.dsv'
[3.804s] INFO:colcon.colcon_core.shell:Creating environment hook '/home/hilal/ros2_ws/install/turtle_flower_cpp/share/turtle_flower_cpp/hook/cmake_prefix_path.sh'
[3.804s] Level 1:colcon.colcon_core.environment:checking '/home/hilal/ros2_ws/install/turtle_flower_cpp/lib'
[3.804s] Level 1:colcon.colcon_core.environment:checking '/home/hilal/ros2_ws/install/turtle_flower_cpp/bin'
[3.804s] Level 1:colcon.colcon_core.environment:checking '/home/hilal/ros2_ws/install/turtle_flower_cpp/lib/pkgconfig/turtle_flower_cpp.pc'
[3.805s] Level 1:colcon.colcon_core.environment:checking '/home/hilal/ros2_ws/install/turtle_flower_cpp/lib/python3.10/site-packages'
[3.805s] Level 1:colcon.colcon_core.environment:checking '/home/hilal/ros2_ws/install/turtle_flower_cpp/bin'
[3.805s] INFO:colcon.colcon_core.shell:Creating package script '/home/hilal/ros2_ws/install/turtle_flower_cpp/share/turtle_flower_cpp/package.ps1'
[3.805s] INFO:colcon.colcon_core.shell:Creating package descriptor '/home/hilal/ros2_ws/install/turtle_flower_cpp/share/turtle_flower_cpp/package.dsv'
[3.805s] INFO:colcon.colcon_core.shell:Creating package script '/home/hilal/ros2_ws/install/turtle_flower_cpp/share/turtle_flower_cpp/package.sh'
[3.806s] INFO:colcon.colcon_core.shell:Creating package script '/home/hilal/ros2_ws/install/turtle_flower_cpp/share/turtle_flower_cpp/package.bash'
[3.806s] INFO:colcon.colcon_core.shell:Creating package script '/home/hilal/ros2_ws/install/turtle_flower_cpp/share/turtle_flower_cpp/package.zsh'
[3.806s] Level 1:colcon.colcon_core.environment:create_file_with_runtime_dependencies(/home/hilal/ros2_ws/install/turtle_flower_cpp/share/colcon-core/packages/turtle_flower_cpp)
[3.806s] DEBUG:colcon.colcon_parallel_executor.executor.parallel:closing loop
[3.807s] DEBUG:colcon.colcon_parallel_executor.executor.parallel:loop closed
[3.807s] DEBUG:colcon.colcon_parallel_executor.executor.parallel:run_until_complete finished with '0'
[3.807s] DEBUG:colcon.colcon_core.event_reactor:joining thread
[3.810s] INFO:colcon.colcon_core.plugin_system:Skipping extension 'colcon_notification.desktop_notification.terminal_notifier': Not used on non-Darwin systems
[3.810s] INFO:colcon.colcon_core.plugin_system:Skipping extension 'colcon_notification.desktop_notification.win32': Not used on non-Windows systems
[3.810s] INFO:colcon.colcon_notification.desktop_notification:Sending desktop notification using 'notify2'
[3.817s] DEBUG:colcon.colcon_core.event_reactor:joined thread
[3.818s] INFO:colcon.colcon_core.shell:Creating prefix script '/home/hilal/ros2_ws/install/local_setup.ps1'
[3.819s] INFO:colcon.colcon_core.shell:Creating prefix util module '/home/hilal/ros2_ws/install/_local_setup_util_ps1.py'
[3.820s] INFO:colcon.colcon_core.shell:Creating prefix chain script '/home/hilal/ros2_ws/install/setup.ps1'
[3.821s] INFO:colcon.colcon_core.shell:Creating prefix script '/home/hilal/ros2_ws/install/local_setup.sh'
[3.821s] INFO:colcon.colcon_core.shell:Creating prefix util module '/home/hilal/ros2_ws/install/_local_setup_util_sh.py'
[3.822s] INFO:colcon.colcon_core.shell:Creating prefix chain script '/home/hilal/ros2_ws/install/setup.sh'
[3.822s] INFO:colcon.colcon_core.shell:Creating prefix script '/home/hilal/ros2_ws/install/local_setup.bash'
[3.822s] INFO:colcon.colcon_core.shell:Creating prefix chain script '/home/hilal/ros2_ws/install/setup.bash'
[3.823s] INFO:colcon.colcon_core.shell:Creating prefix script '/home/hilal/ros2_ws/install/local_setup.zsh'
[3.823s] INFO:colcon.colcon_core.shell:Creating prefix chain script '/home/hilal/ros2_ws/install/setup.zsh'
