[0.007s] Invoking command in '/home/hilal/ros2_ws/build/turtle_flower_cpp': CMAKE_PREFIX_PATH=${CMAKE_PREFIX_PATH}:/opt/ros/humble /usr/bin/cmake --build /home/hilal/ros2_ws/build/turtle_flower_cpp -- -j8 -l8
[0.035s] [35m[1mConsolidate compiler generated dependencies of target flower_drawer[0m
[0.046s] [100%] Built target flower_drawer
[0.054s] Invoked command in '/home/hilal/ros2_ws/build/turtle_flower_cpp' returned '0': CMAKE_PREFIX_PATH=${CMAKE_PREFIX_PATH}:/opt/ros/humble /usr/bin/cmake --build /home/hilal/ros2_ws/build/turtle_flower_cpp -- -j8 -l8
[0.060s] Invoking command in '/home/hilal/ros2_ws/build/turtle_flower_cpp': CMAKE_PREFIX_PATH=${CMAKE_PREFIX_PATH}:/opt/ros/humble /usr/bin/cmake --install /home/hilal/ros2_ws/build/turtle_flower_cpp
[0.065s] -- Install configuration: ""
[0.065s] -- Up-to-date: /home/hilal/ros2_ws/install/turtle_flower_cpp/lib/turtle_flower_cpp/flower_drawer
[0.065s] -- Up-to-date: /home/hilal/ros2_ws/install/turtle_flower_cpp/share/ament_index/resource_index/package_run_dependencies/turtle_flower_cpp
[0.065s] -- Up-to-date: /home/hilal/ros2_ws/install/turtle_flower_cpp/share/ament_index/resource_index/parent_prefix_path/turtle_flower_cpp
[0.065s] -- Up-to-date: /home/hilal/ros2_ws/install/turtle_flower_cpp/share/turtle_flower_cpp/environment/ament_prefix_path.sh
[0.065s] -- Up-to-date: /home/hilal/ros2_ws/install/turtle_flower_cpp/share/turtle_flower_cpp/environment/ament_prefix_path.dsv
[0.065s] -- Up-to-date: /home/hilal/ros2_ws/install/turtle_flower_cpp/share/turtle_flower_cpp/environment/path.sh
[0.065s] -- Up-to-date: /home/hilal/ros2_ws/install/turtle_flower_cpp/share/turtle_flower_cpp/environment/path.dsv
[0.066s] -- Up-to-date: /home/hilal/ros2_ws/install/turtle_flower_cpp/share/turtle_flower_cpp/local_setup.bash
[0.066s] -- Up-to-date: /home/hilal/ros2_ws/install/turtle_flower_cpp/share/turtle_flower_cpp/local_setup.sh
[0.066s] -- Up-to-date: /home/hilal/ros2_ws/install/turtle_flower_cpp/share/turtle_flower_cpp/local_setup.zsh
[0.066s] -- Up-to-date: /home/hilal/ros2_ws/install/turtle_flower_cpp/share/turtle_flower_cpp/local_setup.dsv
[0.066s] -- Installing: /home/hilal/ros2_ws/install/turtle_flower_cpp/share/turtle_flower_cpp/package.dsv
[0.066s] -- Up-to-date: /home/hilal/ros2_ws/install/turtle_flower_cpp/share/ament_index/resource_index/packages/turtle_flower_cpp
[0.066s] -- Up-to-date: /home/hilal/ros2_ws/install/turtle_flower_cpp/share/turtle_flower_cpp/cmake/turtle_flower_cppConfig.cmake
[0.066s] -- Up-to-date: /home/hilal/ros2_ws/install/turtle_flower_cpp/share/turtle_flower_cpp/cmake/turtle_flower_cppConfig-version.cmake
[0.066s] -- Up-to-date: /home/hilal/ros2_ws/install/turtle_flower_cpp/share/turtle_flower_cpp/package.xml
[0.067s] Invoked command in '/home/hilal/ros2_ws/build/turtle_flower_cpp' returned '0': CMAKE_PREFIX_PATH=${CMAKE_PREFIX_PATH}:/opt/ros/humble /usr/bin/cmake --install /home/hilal/ros2_ws/build/turtle_flower_cpp
