[0.007s] Invoking command in '/home/hilal/ros2_ws/build/turtle_flower_cpp': CMAKE_PREFIX_PATH=${CMAKE_PREFIX_PATH}:/opt/ros/humble /usr/bin/cmake --build /home/hilal/ros2_ws/build/turtle_flower_cpp -- -j8 -l8
[0.034s] [35m[1mConsolidate compiler generated dependencies of target flower_drawer[0m
[0.046s] [ 50%] [32mBuilding CXX object CMakeFiles/flower_drawer.dir/src/flower_drawer.cpp.o[0m
[3.317s] [100%] [32m[1mLinking CXX executable flower_drawer[0m
[3.478s] [100%] Built target flower_drawer
[3.486s] Invoked command in '/home/hilal/ros2_ws/build/turtle_flower_cpp' returned '0': CMAKE_PREFIX_PATH=${CMAKE_PREFIX_PATH}:/opt/ros/humble /usr/bin/cmake --build /home/hilal/ros2_ws/build/turtle_flower_cpp -- -j8 -l8
[3.492s] Invoking command in '/home/hilal/ros2_ws/build/turtle_flower_cpp': CMAKE_PREFIX_PATH=${CMAKE_PREFIX_PATH}:/opt/ros/humble /usr/bin/cmake --install /home/hilal/ros2_ws/build/turtle_flower_cpp
[3.497s] -- Install configuration: ""
[3.497s] -- Installing: /home/hilal/ros2_ws/install/turtle_flower_cpp/lib/turtle_flower_cpp/flower_drawer
[3.498s] -- Set runtime path of "/home/hilal/ros2_ws/install/turtle_flower_cpp/lib/turtle_flower_cpp/flower_drawer" to ""
[3.498s] -- Up-to-date: /home/hilal/ros2_ws/install/turtle_flower_cpp/share/ament_index/resource_index/package_run_dependencies/turtle_flower_cpp
[3.498s] -- Up-to-date: /home/hilal/ros2_ws/install/turtle_flower_cpp/share/ament_index/resource_index/parent_prefix_path/turtle_flower_cpp
[3.498s] -- Up-to-date: /home/hilal/ros2_ws/install/turtle_flower_cpp/share/turtle_flower_cpp/environment/ament_prefix_path.sh
[3.498s] -- Up-to-date: /home/hilal/ros2_ws/install/turtle_flower_cpp/share/turtle_flower_cpp/environment/ament_prefix_path.dsv
[3.498s] -- Up-to-date: /home/hilal/ros2_ws/install/turtle_flower_cpp/share/turtle_flower_cpp/environment/path.sh
[3.498s] -- Up-to-date: /home/hilal/ros2_ws/install/turtle_flower_cpp/share/turtle_flower_cpp/environment/path.dsv
[3.498s] -- Up-to-date: /home/hilal/ros2_ws/install/turtle_flower_cpp/share/turtle_flower_cpp/local_setup.bash
[3.499s] -- Up-to-date: /home/hilal/ros2_ws/install/turtle_flower_cpp/share/turtle_flower_cpp/local_setup.sh
[3.499s] -- Up-to-date: /home/hilal/ros2_ws/install/turtle_flower_cpp/share/turtle_flower_cpp/local_setup.zsh
[3.499s] -- Up-to-date: /home/hilal/ros2_ws/install/turtle_flower_cpp/share/turtle_flower_cpp/local_setup.dsv
[3.499s] -- Installing: /home/hilal/ros2_ws/install/turtle_flower_cpp/share/turtle_flower_cpp/package.dsv
[3.499s] -- Up-to-date: /home/hilal/ros2_ws/install/turtle_flower_cpp/share/ament_index/resource_index/packages/turtle_flower_cpp
[3.499s] -- Up-to-date: /home/hilal/ros2_ws/install/turtle_flower_cpp/share/turtle_flower_cpp/cmake/turtle_flower_cppConfig.cmake
[3.499s] -- Up-to-date: /home/hilal/ros2_ws/install/turtle_flower_cpp/share/turtle_flower_cpp/cmake/turtle_flower_cppConfig-version.cmake
[3.499s] -- Up-to-date: /home/hilal/ros2_ws/install/turtle_flower_cpp/share/turtle_flower_cpp/package.xml
[3.500s] Invoked command in '/home/hilal/ros2_ws/build/turtle_flower_cpp' returned '0': CMAKE_PREFIX_PATH=${CMAKE_PREFIX_PATH}:/opt/ros/humble /usr/bin/cmake --install /home/hilal/ros2_ws/build/turtle_flower_cpp
